This is pdfTeX, Version 3.14159265-2.6-1.40.17 (TeX Live 2016) (preloaded format=pdflatex 2016.8.29)  16 OCT 2017 11:31
entering extended mode
 restricted \write18 enabled.
 %&-line parsing enabled.
**report.tex
(./report.tex
LaTeX2e <2016/03/31>
Babel <3.9r> and hyphenation patterns for 83 language(s) loaded.
(/usr/local/texlive/2016/texmf-dist/tex/latex/base/article.cls
Document Class: article 2014/09/29 v1.4h Standard LaTeX document class
(/usr/local/texlive/2016/texmf-dist/tex/latex/base/size10.clo
File: size10.clo 2014/09/29 v1.4h Standard LaTeX file (size option)
)
\c@part=\count79
\c@section=\count80
\c@subsection=\count81
\c@subsubsection=\count82
\c@paragraph=\count83
\c@subparagraph=\count84
\c@figure=\count85
\c@table=\count86
\abovecaptionskip=\skip41
\belowcaptionskip=\skip42
\bibindent=\dimen102
)
(/usr/local/texlive/2016/texmf-dist/tex/latex/geometry/geometry.sty
Package: geometry 2010/09/12 v5.6 Page Geometry

(/usr/local/texlive/2016/texmf-dist/tex/latex/graphics/keyval.sty
Package: keyval 2014/10/28 v1.15 key=value parser (DPC)
\KV@toks@=\toks14
)
(/usr/local/texlive/2016/texmf-dist/tex/generic/oberdiek/ifpdf.sty
Package: ifpdf 2016/05/14 v3.1 Provides the ifpdf switch
)
(/usr/local/texlive/2016/texmf-dist/tex/generic/oberdiek/ifvtex.sty
Package: ifvtex 2016/05/16 v1.6 Detect VTeX and its facilities (HO)
Package ifvtex Info: VTeX not detected.
)
(/usr/local/texlive/2016/texmf-dist/tex/generic/ifxetex/ifxetex.sty
Package: ifxetex 2010/09/12 v0.6 Provides ifxetex conditional
)
\Gm@cnth=\count87
\Gm@cntv=\count88
\c@Gm@tempcnt=\count89
\Gm@bindingoffset=\dimen103
\Gm@wd@mp=\dimen104
\Gm@odd@mp=\dimen105
\Gm@even@mp=\dimen106
\Gm@layoutwidth=\dimen107
\Gm@layoutheight=\dimen108
\Gm@layouthoffset=\dimen109
\Gm@layoutvoffset=\dimen110
\Gm@dimlist=\toks15
)
(/usr/local/texlive/2016/texmf-dist/tex/latex/graphics/graphicx.sty
Package: graphicx 2014/10/28 v1.0g Enhanced LaTeX Graphics (DPC,SPQR)

(/usr/local/texlive/2016/texmf-dist/tex/latex/graphics/graphics.sty
Package: graphics 2016/05/09 v1.0r Standard LaTeX Graphics (DPC,SPQR)

(/usr/local/texlive/2016/texmf-dist/tex/latex/graphics/trig.sty
Package: trig 2016/01/03 v1.10 sin cos tan (DPC)
)
(/usr/local/texlive/2016/texmf-dist/tex/latex/graphics-cfg/graphics.cfg
File: graphics.cfg 2016/01/02 v1.10 sample graphics configuration
)
Package graphics Info: Driver file: pdftex.def on input line 96.

(/usr/local/texlive/2016/texmf-dist/tex/latex/pdftex-def/pdftex.def
File: pdftex.def 2011/05/27 v0.06d Graphics/color for pdfTeX

(/usr/local/texlive/2016/texmf-dist/tex/generic/oberdiek/infwarerr.sty
Package: infwarerr 2016/05/16 v1.4 Providing info/warning/error messages (HO)
)
(/usr/local/texlive/2016/texmf-dist/tex/generic/oberdiek/ltxcmds.sty
Package: ltxcmds 2016/05/16 v1.23 LaTeX kernel commands for general use (HO)
)
\Gread@gobject=\count90
))
\Gin@req@height=\dimen111
\Gin@req@width=\dimen112
)
(/usr/local/texlive/2016/texmf-dist/tex/latex/fancyhdr/fancyhdr.sty
\fancy@headwidth=\skip43
\f@ncyO@elh=\skip44
\f@ncyO@erh=\skip45
\f@ncyO@olh=\skip46
\f@ncyO@orh=\skip47
\f@ncyO@elf=\skip48
\f@ncyO@erf=\skip49
\f@ncyO@olf=\skip50
\f@ncyO@orf=\skip51
)
(/usr/local/texlive/2016/texmf-dist/tex/latex/float/float.sty
Package: float 2001/11/08 v1.3d Float enhancements (AL)
\c@float@type=\count91
\float@exts=\toks16
\float@box=\box26
\@float@everytoks=\toks17
\@floatcapt=\box27
)
(/usr/local/texlive/2016/texmf-dist/tex/latex/hyperref/hyperref.sty
Package: hyperref 2016/05/05 v6.83n Hypertext links for LaTeX

(/usr/local/texlive/2016/texmf-dist/tex/generic/oberdiek/hobsub-hyperref.sty
Package: hobsub-hyperref 2016/05/16 v1.14 Bundle oberdiek, subset hyperref (HO)


(/usr/local/texlive/2016/texmf-dist/tex/generic/oberdiek/hobsub-generic.sty
Package: hobsub-generic 2016/05/16 v1.14 Bundle oberdiek, subset generic (HO)
Package: hobsub 2016/05/16 v1.14 Construct package bundles (HO)
Package hobsub Info: Skipping package `infwarerr' (already loaded).
Package hobsub Info: Skipping package `ltxcmds' (already loaded).
Package: ifluatex 2016/05/16 v1.4 Provides the ifluatex switch (HO)
Package ifluatex Info: LuaTeX not detected.
Package hobsub Info: Skipping package `ifvtex' (already loaded).
Package: intcalc 2016/05/16 v1.2 Expandable calculations with integers (HO)
Package hobsub Info: Skipping package `ifpdf' (already loaded).
Package: etexcmds 2016/05/16 v1.6 Avoid name clashes with e-TeX commands (HO)
Package etexcmds Info: Could not find \expanded.
(etexcmds)             That can mean that you are not using pdfTeX 1.50 or
(etexcmds)             that some package has redefined \expanded.
(etexcmds)             In the latter case, load this package earlier.
Package: kvsetkeys 2016/05/16 v1.17 Key value parser (HO)
Package: kvdefinekeys 2016/05/16 v1.4 Define keys (HO)
Package: pdftexcmds 2016/05/10 v0.21 Utility functions of pdfTeX for LuaTeX (HO
)
Package pdftexcmds Info: LuaTeX not detected.
Package pdftexcmds Info: \pdf@primitive is available.
Package pdftexcmds Info: \pdf@ifprimitive is available.
Package pdftexcmds Info: \pdfdraftmode found.
Package: pdfescape 2016/05/16 v1.14 Implements pdfTeX's escape features (HO)
Package: bigintcalc 2016/05/16 v1.4 Expandable calculations on big integers (HO
)
Package: bitset 2016/05/16 v1.2 Handle bit-vector datatype (HO)
Package: uniquecounter 2016/05/16 v1.3 Provide unlimited unique counter (HO)
)
Package hobsub Info: Skipping package `hobsub' (already loaded).
Package: letltxmacro 2016/05/16 v1.5 Let assignment for LaTeX macros (HO)
Package: hopatch 2016/05/16 v1.3 Wrapper for package hooks (HO)
Package: xcolor-patch 2016/05/16 xcolor patch
Package: atveryend 2016/05/16 v1.9 Hooks at the very end of document (HO)
Package atveryend Info: \enddocument detected (standard20110627).
Package: atbegshi 2016/05/16 v1.17 At begin shipout hook (HO)
Package: refcount 2016/05/16 v3.5 Data extraction from label references (HO)
Package: hycolor 2016/05/16 v1.8 Color options for hyperref/bookmark (HO)
)
(/usr/local/texlive/2016/texmf-dist/tex/latex/oberdiek/auxhook.sty
Package: auxhook 2016/05/16 v1.4 Hooks for auxiliary files (HO)
)
(/usr/local/texlive/2016/texmf-dist/tex/latex/oberdiek/kvoptions.sty
Package: kvoptions 2016/05/16 v3.12 Key value format for package options (HO)
)
\@linkdim=\dimen113
\Hy@linkcounter=\count92
\Hy@pagecounter=\count93

(/usr/local/texlive/2016/texmf-dist/tex/latex/hyperref/pd1enc.def
File: pd1enc.def 2016/05/05 v6.83n Hyperref: PDFDocEncoding definition (HO)
)
\Hy@SavedSpaceFactor=\count94

(/usr/local/texlive/2016/texmf-dist/tex/latex/latexconfig/hyperref.cfg
File: hyperref.cfg 2002/06/06 v1.2 hyperref configuration of TeXLive
)
Package hyperref Info: Hyper figures OFF on input line 4446.
Package hyperref Info: Link nesting OFF on input line 4451.
Package hyperref Info: Hyper index ON on input line 4454.
Package hyperref Info: Plain pages OFF on input line 4461.
Package hyperref Info: Backreferencing OFF on input line 4466.
Package hyperref Info: Implicit mode ON; LaTeX internals redefined.
Package hyperref Info: Bookmarks ON on input line 4691.
\c@Hy@tempcnt=\count95

(/usr/local/texlive/2016/texmf-dist/tex/latex/url/url.sty
\Urlmuskip=\muskip10
Package: url 2013/09/16  ver 3.4  Verb mode for urls, etc.
)
LaTeX Info: Redefining \url on input line 5044.
\XeTeXLinkMargin=\dimen114
\Fld@menulength=\count96
\Field@Width=\dimen115
\Fld@charsize=\dimen116
Package hyperref Info: Hyper figures OFF on input line 6298.
Package hyperref Info: Link nesting OFF on input line 6303.
Package hyperref Info: Hyper index ON on input line 6306.
Package hyperref Info: backreferencing OFF on input line 6313.
Package hyperref Info: Link coloring OFF on input line 6318.
Package hyperref Info: Link coloring with OCG OFF on input line 6323.
Package hyperref Info: PDF/A mode OFF on input line 6328.
LaTeX Info: Redefining \ref on input line 6368.
LaTeX Info: Redefining \pageref on input line 6372.
\Hy@abspage=\count97
\c@Item=\count98
\c@Hfootnote=\count99
)

Package hyperref Message: Driver (autodetected): hpdftex.

(/usr/local/texlive/2016/texmf-dist/tex/latex/hyperref/hpdftex.def
File: hpdftex.def 2016/05/05 v6.83n Hyperref driver for pdfTeX
\Fld@listcount=\count100
\c@bookmark@seq@number=\count101

(/usr/local/texlive/2016/texmf-dist/tex/latex/oberdiek/rerunfilecheck.sty
Package: rerunfilecheck 2016/05/16 v1.8 Rerun checks for auxiliary files (HO)
Package uniquecounter Info: New unique counter `rerunfilecheck' on input line 2
82.
)
\Hy@SectionHShift=\skip52
)
(/usr/local/texlive/2016/texmf-dist/tex/latex/oberdiek/transparent.sty
Package: transparent 2016/05/16 v1.1 Transparency via pdfTeX's color stack (HO)

)
(/usr/local/texlive/2016/texmf-dist/tex/latex/pdfpages/pdfpages.sty
Package: pdfpages 2016/04/19 v0.5f Insert pages of external PDF documents (AM)

(/usr/local/texlive/2016/texmf-dist/tex/latex/base/ifthen.sty
Package: ifthen 2014/09/29 v1.1c Standard LaTeX ifthen package (DPC)
)
(/usr/local/texlive/2016/texmf-dist/tex/latex/tools/calc.sty
Package: calc 2014/10/28 v4.3 Infix arithmetic (KKT,FJ)
\calc@Acount=\count102
\calc@Bcount=\count103
\calc@Adimen=\dimen117
\calc@Bdimen=\dimen118
\calc@Askip=\skip53
\calc@Bskip=\skip54
LaTeX Info: Redefining \setlength on input line 80.
LaTeX Info: Redefining \addtolength on input line 81.
\calc@Ccount=\count104
\calc@Cskip=\skip55
)
(/usr/local/texlive/2016/texmf-dist/tex/latex/eso-pic/eso-pic.sty
Package: eso-pic 2015/07/21 v2.0g eso-pic (RN)

(/usr/local/texlive/2016/texmf-dist/tex/latex/xcolor/xcolor.sty
Package: xcolor 2016/05/11 v2.12 LaTeX color extensions (UK)

(/usr/local/texlive/2016/texmf-dist/tex/latex/graphics-cfg/color.cfg
File: color.cfg 2016/01/02 v1.6 sample color configuration
)
Package xcolor Info: Driver file: pdftex.def on input line 225.
Package xcolor Info: Model `cmy' substituted by `cmy0' on input line 1348.
Package xcolor Info: Model `hsb' substituted by `rgb' on input line 1352.
Package xcolor Info: Model `RGB' extended on input line 1364.
Package xcolor Info: Model `HTML' substituted by `rgb' on input line 1366.
Package xcolor Info: Model `Hsb' substituted by `hsb' on input line 1367.
Package xcolor Info: Model `tHsb' substituted by `hsb' on input line 1368.
Package xcolor Info: Model `HSB' substituted by `hsb' on input line 1369.
Package xcolor Info: Model `Gray' substituted by `gray' on input line 1370.
Package xcolor Info: Model `wave' substituted by `hsb' on input line 1371.
))
\AM@pagewidth=\dimen119
\AM@pageheight=\dimen120

(/usr/local/texlive/2016/texmf-dist/tex/latex/pdfpages/pppdftex.def
File: pppdftex.def 2016/04/19 v0.5f Pdfpages driver for pdfTeX (AM)
)
\AM@pagebox=\box28
\AM@global@opts=\toks18
\AM@toc@title=\toks19
\c@AM@survey=\count105
\AM@templatesizebox=\box29
)
(/usr/local/texlive/2016/texmf-dist/tex/latex/algorithmicx/algorithmicx.sty
Package: algorithmicx 2005/04/27 v1.2 Algorithmicx

Document Style algorithmicx 1.2 - a greatly improved `algorithmic' style
\c@ALG@line=\count106
\c@ALG@rem=\count107
\c@ALG@nested=\count108
\ALG@tlm=\skip56
\ALG@thistlm=\skip57
\c@ALG@Lnr=\count109
\c@ALG@blocknr=\count110
\c@ALG@storecount=\count111
\c@ALG@tmpcounter=\count112
\ALG@tmplength=\skip58
) (/usr/local/texlive/2016/texmf-dist/tex/latex/algorithmicx/algpseudocode.sty
Package: algpseudocode 

Document Style - pseudocode environments for use with the `algorithmicx' style
) (/usr/local/texlive/2016/texmf-dist/tex/latex/amsfonts/amssymb.sty
Package: amssymb 2013/01/14 v3.01 AMS font symbols

(/usr/local/texlive/2016/texmf-dist/tex/latex/amsfonts/amsfonts.sty
Package: amsfonts 2013/01/14 v3.01 Basic AMSFonts support
\@emptytoks=\toks20
\symAMSa=\mathgroup4
\symAMSb=\mathgroup5
LaTeX Font Info:    Overwriting math alphabet `\mathfrak' in version `bold'
(Font)                  U/euf/m/n --> U/euf/b/n on input line 106.
))
(/usr/local/texlive/2016/texmf-dist/tex/latex/psnfss/courier.sty
Package: courier 2005/04/12 PSNFSS-v9.2a (WaS) 
)
(/usr/local/texlive/2016/texmf-dist/tex/latex/listings/listings.sty
\lst@mode=\count113
\lst@gtempboxa=\box30
\lst@token=\toks21
\lst@length=\count114
\lst@currlwidth=\dimen121
\lst@column=\count115
\lst@pos=\count116
\lst@lostspace=\dimen122
\lst@width=\dimen123
\lst@newlines=\count117
\lst@lineno=\count118
\lst@maxwidth=\dimen124

(/usr/local/texlive/2016/texmf-dist/tex/latex/listings/lstmisc.sty
File: lstmisc.sty 2015/06/04 1.6 (Carsten Heinz)
\c@lstnumber=\count119
\lst@skipnumbers=\count120
\lst@framebox=\box31
)
(/usr/local/texlive/2016/texmf-dist/tex/latex/listings/listings.cfg
File: listings.cfg 2015/06/04 1.6 listings configuration
))
Package: listings 2015/06/04 1.6 (Carsten Heinz)

(/usr/local/texlive/2016/texmf-dist/tex/latex/listings/lstlang1.sty
File: lstlang1.sty 2015/06/04 1.6 listings language file
)
(/usr/local/texlive/2016/texmf-dist/tex/latex/listings/lstmisc.sty
File: lstmisc.sty 2015/06/04 1.6 (Carsten Heinz)
)
(./report.aux)
\openout1 = `report.aux'.

LaTeX Font Info:    Checking defaults for OML/cmm/m/it on input line 56.
LaTeX Font Info:    ... okay on input line 56.
LaTeX Font Info:    Checking defaults for T1/cmr/m/n on input line 56.
LaTeX Font Info:    ... okay on input line 56.
LaTeX Font Info:    Checking defaults for OT1/cmr/m/n on input line 56.
LaTeX Font Info:    ... okay on input line 56.
LaTeX Font Info:    Checking defaults for OMS/cmsy/m/n on input line 56.
LaTeX Font Info:    ... okay on input line 56.
LaTeX Font Info:    Checking defaults for OMX/cmex/m/n on input line 56.
LaTeX Font Info:    ... okay on input line 56.
LaTeX Font Info:    Checking defaults for U/cmr/m/n on input line 56.
LaTeX Font Info:    ... okay on input line 56.
LaTeX Font Info:    Checking defaults for PD1/pdf/m/n on input line 56.
LaTeX Font Info:    ... okay on input line 56.

*geometry* driver: auto-detecting
*geometry* detected driver: pdftex
*geometry* verbose mode - [ preamble ] result:
* driver: pdftex
* paper: <default>
* layout: <same size as paper>
* layoutoffset:(h,v)=(0.0pt,0.0pt)
* modes: 
* h-part:(L,W,R)=(85.35826pt, 443.57848pt, 85.35826pt)
* v-part:(T,H,B)=(85.35826pt, 624.25346pt, 85.35826pt)
* \paperwidth=614.295pt
* \paperheight=794.96999pt
* \textwidth=443.57848pt
* \textheight=624.25346pt
* \oddsidemargin=13.08827pt
* \evensidemargin=13.08827pt
* \topmargin=-23.91173pt
* \headheight=12.0pt
* \headsep=25.0pt
* \topskip=10.0pt
* \footskip=30.0pt
* \marginparwidth=65.0pt
* \marginparsep=11.0pt
* \columnsep=10.0pt
* \skip\footins=9.0pt plus 4.0pt minus 2.0pt
* \hoffset=0.0pt
* \voffset=0.0pt
* \mag=1000
* \@twocolumnfalse
* \@twosidefalse
* \@mparswitchfalse
* \@reversemarginfalse
* (1in=72.27pt=25.4mm, 1cm=28.453pt)

(/usr/local/texlive/2016/texmf-dist/tex/context/base/mkii/supp-pdf.mkii
[Loading MPS to PDF converter (version 2006.09.02).]
\scratchcounter=\count121
\scratchdimen=\dimen125
\scratchbox=\box32
\nofMPsegments=\count122
\nofMParguments=\count123
\everyMPshowfont=\toks22
\MPscratchCnt=\count124
\MPscratchDim=\dimen126
\MPnumerator=\count125
\makeMPintoPDFobject=\count126
\everyMPtoPDFconversion=\toks23
) (/usr/local/texlive/2016/texmf-dist/tex/latex/oberdiek/epstopdf-base.sty
Package: epstopdf-base 2016/05/15 v2.6 Base part for package epstopdf

(/usr/local/texlive/2016/texmf-dist/tex/latex/oberdiek/grfext.sty
Package: grfext 2016/05/16 v1.2 Manage graphics extensions (HO)
)
Package grfext Info: Graphics extension search list:
(grfext)             [.png,.pdf,.jpg,.mps,.jpeg,.jbig2,.jb2,.PNG,.PDF,.JPG,.JPE
G,.JBIG2,.JB2,.eps]
(grfext)             \AppendGraphicsExtensions on input line 456.

(/usr/local/texlive/2016/texmf-dist/tex/latex/latexconfig/epstopdf-sys.cfg
File: epstopdf-sys.cfg 2010/07/13 v1.3 Configuration of (r)epstopdf for TeX Liv
e
))
\AtBeginShipoutBox=\box33
Package hyperref Info: Link coloring OFF on input line 56.

(/usr/local/texlive/2016/texmf-dist/tex/latex/hyperref/nameref.sty
Package: nameref 2012/10/27 v2.43 Cross-referencing by name of section

(/usr/local/texlive/2016/texmf-dist/tex/generic/oberdiek/gettitlestring.sty
Package: gettitlestring 2016/05/16 v1.5 Cleanup title references (HO)
)
\c@section@level=\count127
)
LaTeX Info: Redefining \ref on input line 56.
LaTeX Info: Redefining \pageref on input line 56.
LaTeX Info: Redefining \nameref on input line 56.

(./report.out) (./report.out)
\@outlinefile=\write3
\openout3 = `report.out'.


(/usr/local/texlive/2016/texmf-dist/tex/latex/oberdiek/pdflscape.sty
Package: pdflscape 2016/05/14 v0.11 Display of landscape pages in PDF (HO)

(/usr/local/texlive/2016/texmf-dist/tex/latex/graphics/lscape.sty
Package: lscape 2000/10/22 v3.01 Landscape Pages (DPC)
)
Package pdflscape Info: Auto-detected driver: pdftex on input line 81.
)
\c@lstlisting=\count128

<assignment-cover-sheet1.pdf, id=4, 597.23125pt x 845.1575pt>
File: assignment-cover-sheet1.pdf Graphic file (type pdf)

<use assignment-cover-sheet1.pdf>
Package pdftex.def Info: assignment-cover-sheet1.pdf used on input line 61.
(pdftex.def)             Requested size: 597.22978pt x 845.15544pt.
File: assignment-cover-sheet1.pdf Graphic file (type pdf)
 <use assignment-cover-sheet1.pdf>
Package pdftex.def Info: assignment-cover-sheet1.pdf used on input line 61.
(pdftex.def)             Requested size: 597.22978pt x 845.15544pt.

<assignment-cover-sheet1.pdf, id=7, page=1, 597.23125pt x 845.1575pt>
File: assignment-cover-sheet1.pdf Graphic file (type pdf)

<use assignment-cover-sheet1.pdf, page 1>
Package pdftex.def Info: assignment-cover-sheet1.pdf, page1 used on input line 
61.
(pdftex.def)             Requested size: 597.22978pt x 845.15544pt.
File: assignment-cover-sheet1.pdf Graphic file (type pdf)

<use assignment-cover-sheet1.pdf, page 1>
Package pdftex.def Info: assignment-cover-sheet1.pdf, page1 used on input line 
61.
(pdftex.def)             Requested size: 561.86221pt x 795.10587pt.
File: assignment-cover-sheet1.pdf Graphic file (type pdf)

<use assignment-cover-sheet1.pdf, page 1>
Package pdftex.def Info: assignment-cover-sheet1.pdf, page1 used on input line 
61.
(pdftex.def)             Requested size: 561.86221pt x 795.10587pt.
File: assignment-cover-sheet1.pdf Graphic file (type pdf)

<use assignment-cover-sheet1.pdf, page 1>
Package pdftex.def Info: assignment-cover-sheet1.pdf, page1 used on input line 
61.
(pdftex.def)             Requested size: 561.86221pt x 795.10587pt.
File: assignment-cover-sheet1.pdf Graphic file (type pdf)

<use assignment-cover-sheet1.pdf, page 1>
Package pdftex.def Info: assignment-cover-sheet1.pdf, page1 used on input line 
61.
(pdftex.def)             Requested size: 561.86221pt x 795.10587pt.
 [1

 <./assignment-cover-sheet1.pdf>]pdfTeX warning (ext4): destination with the sa
me identifier (name{page.1}) has been already used, duplicate ignored
<to be read again> 
                   \relax 
l.83 \end{titlepage}
                     [1{/usr/local/texlive/2016/texmf-var/fonts/map/pdftex/updm
ap/pdftex.map}]pdfTeX warning (ext4): destination with the same identifier (nam
e{page.1}) has been already used, duplicate ignored
<to be read again> 
                   \relax 
l.118 
       [1]
LaTeX Font Info:    Try loading font information for OT1+pcr on input line 126.

 (/usr/local/texlive/2016/texmf-dist/tex/latex/psnfss/ot1pcr.fd
File: ot1pcr.fd 2001/06/04 font definitions for OT1/pcr.
)
LaTeX Font Info:    Try loading font information for U+msa on input line 143.

(/usr/local/texlive/2016/texmf-dist/tex/latex/amsfonts/umsa.fd
File: umsa.fd 2013/01/14 v3.01 AMS symbols A
)
LaTeX Font Info:    Try loading font information for U+msb on input line 143.

(/usr/local/texlive/2016/texmf-dist/tex/latex/amsfonts/umsb.fd
File: umsb.fd 2013/01/14 v3.01 AMS symbols B
)
Underfull \hbox (badness 10000) in paragraph at lines 148--166

 []


Overfull \hbox (0.42152pt too wide) in paragraph at lines 148--166
\OT1/pcr/m/n/10 Employee 1718051187:hjasgdhjfgsadjgfhjasghfgashjkfgjhkasdgfhjga
sdjfhkgksda 
 []


Overfull \hbox (0.42152pt too wide) in paragraph at lines 148--166
\OT1/pcr/m/n/10 hfgsadhjkgfhjksadgfhjkagdshfgjhaksdgfjagsdhjfgasdhjgfjagsdhjfga
dsjkgdhjfgs 
 []


Overfull \hbox (0.42152pt too wide) in paragraph at lines 148--166
\OT1/pcr/m/n/10 adjgfhjasghfgashjkfgjhkasdgfjgasdjfhkgksdahfgsadhjkgfhjksadgfhj
kagdshfgjha 
 []


Overfull \hbox (0.42152pt too wide) in paragraph at lines 148--166
\OT1/pcr/m/n/10 ksdgfjagsdhjfgasdhjgfjagsdhjfgadsjkshjkfgjhkasdgfhjgasdjfhkgksd
ahfgsadhjkg 
 []


Overfull \hbox (0.42152pt too wide) in paragraph at lines 148--166
\OT1/pcr/m/n/10 fhjksadgfhjkagdshfgjhaksdgfjagsdhjfgasdhjgfjagsdhjfgadsjk, gsad
hjkgfhjksad 
 []


Overfull \hbox (0.42152pt too wide) in paragraph at lines 148--166
\OT1/pcr/m/n/10 gfhjkagdshfgjhaksdgfjagsdhjfgasdhjgfjagsdhjfgadsjk. Salary: $18
02135654. 
 []


Underfull \hbox (badness 10000) in paragraph at lines 148--166

 []

[2]
LaTeX Font Info:    Try loading font information for OMS+pcr on input line 173.

 (/usr/local/texlive/2016/texmf-dist/tex/latex/psnfss/omspcr.fd
File: omspcr.fd 
)
LaTeX Font Info:    Font shape `OMS/pcr/m/n' in size <10> not available
(Font)              Font shape `OMS/cmsy/m/n' tried instead on input line 173.
 [3]
Underfull \hbox (badness 10000) in paragraph at lines 193--198

 []


Underfull \hbox (badness 10000) in paragraph at lines 193--198

 []


Underfull \hbox (badness 10000) in paragraph at lines 200--209

 []


Underfull \hbox (badness 10000) in paragraph at lines 200--209

 []


Underfull \hbox (badness 10000) in paragraph at lines 209--216

 []


Underfull \hbox (badness 10000) in paragraph at lines 209--216

 []


Underfull \hbox (badness 10000) in paragraph at lines 209--216

 []


Underfull \hbox (badness 10000) in paragraph at lines 218--222

 []


! LaTeX Error: There's no line here to end.

See the LaTeX manual or LaTeX Companion for explanation.
Type  H <return>  for immediate help.
 ...                                              
                                                  
l.224 	T
        o fix this issue, simply bounds check the vulnerable scanf statement.
Your command was ignored.
Type  I <command> <return>  to replace it with another command,
or  <return>  to continue without it.

[4]
Underfull \hbox (badness 10000) in paragraph at lines 242--247

 []


Overfull \hbox (5.42168pt too wide) in paragraph at lines 242--247
\OT1/pcr/m/n/10 python -c "print '1\OMS/cmsy/m/n/10 n\OT1/pcr/m/n/10 ntest.csv\
OMS/cmsy/m/n/10 n\OT1/pcr/m/n/10 n5\OMS/cmsy/m/n/10 n\OT1/pcr/m/n/10 n1\OMS/cms
y/m/n/10 n\OT1/pcr/m/n/10 n' + []17 * 'a'[] + []'\OMS/cmsy/m/n/10 n\OT1/pcr/m/n
/10 xf4\OMS/cmsy/m/n/10 n\OT1/pcr/m/n/10 xf6\OMS/cmsy/m/n/10 n\OT1/pcr/m/n/10 x
ff\OMS/cmsy/m/n/10 n\OT1/pcr/m/n/10 xbf'[] +
 []


Overfull \hbox (7.42183pt too wide) in paragraph at lines 242--247
\OMS/cmsy/m/n/10 n\OT1/pcr/m/n/10 x6e\OMS/cmsy/m/n/10 n\OT1/pcr/m/n/10 x89\OMS/
cmsy/m/n/10 n\OT1/pcr/m/n/10 xe3\OMS/cmsy/m/n/10 n\OT1/pcr/m/n/10 x50\OMS/cmsy/
m/n/10 n\OT1/pcr/m/n/10 x53\OMS/cmsy/m/n/10 n\OT1/pcr/m/n/10 x89\OMS/cmsy/m/n/1
0 n\OT1/pcr/m/n/10 xe1\OMS/cmsy/m/n/10 n\OT1/pcr/m/n/10 x31\OMS/cmsy/m/n/10 n\O
T1/pcr/m/n/10 xd2\OMS/cmsy/m/n/10 n\OT1/pcr/m/n/10 x83\OMS/cmsy/m/n/10 n\OT1/pc
r/m/n/10 xc0\OMS/cmsy/m/n/10 n\OT1/pcr/m/n/10 x5b\OMS/cmsy/m/n/10 n\OT1/pcr/m/n
/10 x83\OMS/cmsy/m/n/10 n\OT1/pcr/m/n/10 xe8\OMS/cmsy/m/n/10 n\OT1/pcr/m/n/10 x
50\OMS/cmsy/m/n/10 n\OT1/pcr/m/n/10 xcd\OMS/cmsy/m/n/10 n\OT1/pcr/m/n/10 x80\OM
S/cmsy/m/n/10 n\OT1/pcr/m/n/10 x0a'"[]
 []


Underfull \hbox (badness 10000) in paragraph at lines 242--247

 []


Underfull \hbox (badness 10000) in paragraph at lines 242--247

 []


Underfull \hbox (badness 10000) in paragraph at lines 247--253

 []


Underfull \hbox (badness 10000) in paragraph at lines 247--253

 []


! LaTeX Error: There's no line here to end.

See the LaTeX manual or LaTeX Companion for explanation.
Type  H <return>  for immediate help.
 ...                                              
                                                  
l.255 T
       o fix this problem, implementing ASLR will make the attack much harde...

Your command was ignored.
Type  I <command> <return>  to replace it with another command,
or  <return>  to continue without it.

[5]
Underfull \hbox (badness 10000) in paragraph at lines 261--262

 []


Underfull \hbox (badness 10000) in paragraph at lines 263--264

 []

! Undefined control sequence.
<argument> ...esspipe \%s"\\ 0xbfffff9f: "CODE=1\3
                                                  00Ph//shh/bin\211\343PS\21...
l.275 	 	...}
             
The control sequence at the end of the top line
of your error message was never \def'ed. If you have
misspelled it (e.g., `\hobx'), type `I' and the correct
spelling (e.g., `I\hbox'). Otherwise just continue,
and I'll forget about whatever was undefined.

! Undefined control sequence.
<argument> ...0xbfffff9f: "CODE=1\300Ph//shh/bin\2
                                                  11\343PS\211\341\061Òƒ\300...
l.275 	 	...}
             
The control sequence at the end of the top line
of your error message was never \def'ed. If you have
misspelled it (e.g., `\hobx'), type `I' and the correct
spelling (e.g., `I\hbox'). Otherwise just continue,
and I'll forget about whatever was undefined.

! Undefined control sequence.
<argument> ...ffff9f: "CODE=1\300Ph//shh/bin\211\3
                                                  43PS\211\341\061Òƒ\300[\20...
l.275 	 	...}
             
The control sequence at the end of the top line
of your error message was never \def'ed. If you have
misspelled it (e.g., `\hobx'), type `I' and the correct
spelling (e.g., `I\hbox'). Otherwise just continue,
and I'll forget about whatever was undefined.

! Undefined control sequence.
<argument> ...: "CODE=1\300Ph//shh/bin\211\343PS\2
                                                  11\341\061Òƒ\300[\203\350P...
l.275 	 	...}
             
The control sequence at the end of the top line
of your error message was never \def'ed. If you have
misspelled it (e.g., `\hobx'), type `I' and the correct
spelling (e.g., `I\hbox'). Otherwise just continue,
and I'll forget about whatever was undefined.

! Undefined control sequence.
<argument> ...ODE=1\300Ph//shh/bin\211\343PS\211\3
                                                  41\061Òƒ\300[\203\350PÍ€"\...
l.275 	 	...}
             
The control sequence at the end of the top line
of your error message was never \def'ed. If you have
misspelled it (e.g., `\hobx'), type `I' and the correct
spelling (e.g., `I\hbox'). Otherwise just continue,
and I'll forget about whatever was undefined.

! Undefined control sequence.
<argument> ...1\300Ph//shh/bin\211\343PS\211\341\0
                                                  61Òƒ\300[\203\350PÍ€"\\ 0x...
l.275 	 	...}
             
The control sequence at the end of the top line
of your error message was never \def'ed. If you have
misspelled it (e.g., `\hobx'), type `I' and the correct
spelling (e.g., `I\hbox'). Otherwise just continue,
and I'll forget about whatever was undefined.

Missing character: There is no Ò in font pcrr7t!
Missing character: There is no ƒ in font pcrr7t!
! Undefined control sequence.
<argument> ...h//shh/bin\211\343PS\211\341\061Òƒ\3
                                                  00[\203\350PÍ€"\\ 0xbfffff...
l.275 	 	...}
             
The control sequence at the end of the top line
of your error message was never \def'ed. If you have
misspelled it (e.g., `\hobx'), type `I' and the correct
spelling (e.g., `I\hbox'). Otherwise just continue,
and I'll forget about whatever was undefined.

! Undefined control sequence.
<argument> ...h/bin\211\343PS\211\341\061Òƒ\300[\2
                                                  03\350PÍ€"\\ 0xbfffffc2: "...
l.275 	 	...}
             
The control sequence at the end of the top line
of your error message was never \def'ed. If you have
misspelled it (e.g., `\hobx'), type `I' and the correct
spelling (e.g., `I\hbox'). Otherwise just continue,
and I'll forget about whatever was undefined.

! Undefined control sequence.
<argument> ...n\211\343PS\211\341\061Òƒ\300[\203\3
                                                  50PÍ€"\\ 0xbfffffc2: "LESS...
l.275 	 	...}
             
The control sequence at the end of the top line
of your error message was never \def'ed. If you have
misspelled it (e.g., `\hobx'), type `I' and the correct
spelling (e.g., `I\hbox'). Otherwise just continue,
and I'll forget about whatever was undefined.

Missing character: There is no Í in font pcrr7t!
Missing character: There is no € in font pcrr7t!

Underfull \hbox (badness 10000) in paragraph at lines 265--277

 []


Underfull \hbox (badness 10000) in paragraph at lines 265--277

 []


Underfull \hbox (badness 10000) in paragraph at lines 277--282

 []


Overfull \hbox (5.42168pt too wide) in paragraph at lines 277--282
\OT1/pcr/m/n/10 python -c "print '1\OMS/cmsy/m/n/10 n\OT1/pcr/m/n/10 ntest.csv\
OMS/cmsy/m/n/10 n\OT1/pcr/m/n/10 n5\OMS/cmsy/m/n/10 n\OT1/pcr/m/n/10 n1\OMS/cms
y/m/n/10 n\OT1/pcr/m/n/10 n' + []17 * 'a'[] + []'\OMS/cmsy/m/n/10 n\OT1/pcr/m/n
/10 xd8\OMS/cmsy/m/n/10 n\OT1/pcr/m/n/10 xf6\OMS/cmsy/m/n/10 n\OT1/pcr/m/n/10 x
ff\OMS/cmsy/m/n/10 n\OT1/pcr/m/n/10 xbf'[] + 
 []


Underfull \hbox (badness 10000) in paragraph at lines 277--282

 []


Underfull \hbox (badness 10000) in paragraph at lines 282--289

 []


Underfull \hbox (badness 10000) in paragraph at lines 282--289

 []

[6]
Underfull \hbox (badness 10000) in paragraph at lines 295--300

 []


Overfull \hbox (5.42168pt too wide) in paragraph at lines 295--300
\OT1/pcr/m/n/10 python -c "print '1\OMS/cmsy/m/n/10 n\OT1/pcr/m/n/10 ntest.csv\
OMS/cmsy/m/n/10 n\OT1/pcr/m/n/10 n5\OMS/cmsy/m/n/10 n\OT1/pcr/m/n/10 n1\OMS/cms
y/m/n/10 n\OT1/pcr/m/n/10 n' + []21 * 'a'[] + '[]\OMS/cmsy/m/n/10 n\OT1/pcr/m/n
/10 xb0\OMS/cmsy/m/n/10 n\OT1/pcr/m/n/10 x90\OMS/cmsy/m/n/10 n\OT1/pcr/m/n/10 x
e6\OMS/cmsy/m/n/10 n\OT1/pcr/m/n/10 xb7[]' +
 []


Underfull \hbox (badness 10000) in paragraph at lines 295--300

 []


Underfull \hbox (badness 10000) in paragraph at lines 300--311

 []


Underfull \hbox (badness 10000) in paragraph at lines 300--311

 []


Underfull \hbox (badness 10000) in paragraph at lines 300--311

 []


Underfull \hbox (badness 10000) in paragraph at lines 300--311

 []


Underfull \hbox (badness 10000) in paragraph at lines 311--316

 []


Underfull \hbox (badness 10000) in paragraph at lines 311--316

 []


Underfull \hbox (badness 10000) in paragraph at lines 316--324

 []


Underfull \hbox (badness 10000) in paragraph at lines 316--324

 []

[7]
Underfull \hbox (badness 10000) in paragraph at lines 339--348

 []


Underfull \hbox (badness 10000) in paragraph at lines 339--348

 []


Underfull \hbox (badness 10000) in paragraph at lines 339--348

 []


Underfull \hbox (badness 10000) in paragraph at lines 339--348

 []

[8] (../src/Makefile) (../Makefile) [9] (../src/main.h) (../src/main.c
LaTeX Font Info:    Try loading font information for OML+cmr on input line 1.

(/usr/local/texlive/2016/texmf-dist/tex/latex/base/omlcmr.fd
File: omlcmr.fd 2014/09/29 v2.5h Standard LaTeX font definitions
)
LaTeX Font Info:    Font shape `OML/cmr/m/n' in size <8> not available
(Font)              Font shape `OML/cmm/m/it' tried instead on input line 1.
LaTeX Font Info:    Try loading font information for OMS+cmr on input line 11.

(/usr/local/texlive/2016/texmf-dist/tex/latex/base/omscmr.fd
File: omscmr.fd 2014/09/29 v2.5h Standard LaTeX font definitions
)
LaTeX Font Info:    Font shape `OMS/cmr/m/n' in size <8> not available
(Font)              Font shape `OMS/cmsy/m/n' tried instead on input line 11.
 [10]) [11]
(../src/io.h) (../src/io.c [12]) [13] (../src/db_handler.h)
(../src/db_handler.c [14] [15] [16] [17] [18] [19] [20] [21] [22] [23] [24]
[25]) [26]
Package atveryend Info: Empty hook `BeforeClearDocument' on input line 377.
Package atveryend Info: Empty hook `AfterLastShipout' on input line 377.
 (./report.aux)
Package atveryend Info: Executing hook `AtVeryEndDocument' on input line 377.
Package atveryend Info: Executing hook `AtEndAfterFileList' on input line 377.
Package rerunfilecheck Info: File `report.out' has not changed.
(rerunfilecheck)             Checksum: D41D8CD98F00B204E9800998ECF8427E;0.
Package atveryend Info: Empty hook `AtVeryVeryEnd' on input line 377.
 ) 
Here is how much of TeX's memory you used:
 10412 strings out of 493014
 152218 string characters out of 6133351
 395708 words of memory out of 5000000
 12722 multiletter control sequences out of 15000+600000
 11424 words of font info for 44 fonts, out of 8000000 for 9000
 1141 hyphenation exceptions out of 8191
 37i,18n,49p,1150b,1717s stack positions out of 5000i,500n,10000p,200000b,80000s
{/usr/local/texlive/2016/texmf-dist/fonts/enc/dvips/base/8r.enc}</usr/local/t
exlive/2016/texmf-dist/fonts/type1/public/amsfonts/cm/cmbx10.pfb></usr/local/te
xlive/2016/texmf-dist/fonts/type1/public/amsfonts/cm/cmbx12.pfb></usr/local/tex
live/2016/texmf-dist/fonts/type1/public/amsfonts/cm/cmmi10.pfb></usr/local/texl
ive/2016/texmf-dist/fonts/type1/public/amsfonts/cm/cmmi8.pfb></usr/local/texliv
e/2016/texmf-dist/fonts/type1/public/amsfonts/cm/cmr10.pfb></usr/local/texlive/
2016/texmf-dist/fonts/type1/public/amsfonts/cm/cmr17.pfb></usr/local/texlive/20
16/texmf-dist/fonts/type1/public/amsfonts/cm/cmr5.pfb></usr/local/texlive/2016/
texmf-dist/fonts/type1/public/amsfonts/cm/cmr8.pfb></usr/local/texlive/2016/tex
mf-dist/fonts/type1/public/amsfonts/cm/cmsy10.pfb></usr/local/texlive/2016/texm
f-dist/fonts/type1/public/amsfonts/cm/cmsy8.pfb></usr/local/texlive/2016/texmf-
dist/fonts/type1/public/amsfonts/cm/cmti10.pfb></usr/local/texlive/2016/texmf-d
ist/fonts/type1/urw/courier/ucrr8a.pfb>
Output written on report.pdf (28 pages, 311859 bytes).
PDF statistics:
 1488 PDF objects out of 1728 (max. 8388607)
 1420 compressed objects within 15 object streams
 1077 named destinations out of 1200 (max. 500000)
 21 words of extra memory for PDF output out of 10000 (max. 10000000)

